Determining if the pthread_create exist failed with the following output:
Change Dir: /home/chip/Downloads/monero/CMakeFiles/CMakeTmp

Run Build Command:"/usr/bin/make" "cmTC_12880/fast"
/usr/bin/make -f CMakeFiles/cmTC_12880.dir/build.make CMakeFiles/cmTC_12880.dir/build
make[1]: Entering directory '/home/chip/Downloads/monero/CMakeFiles/CMakeTmp'
Building C object CMakeFiles/cmTC_12880.dir/CheckSymbolExists.c.o
/usr/bin/cc     -o CMakeFiles/cmTC_12880.dir/CheckSymbolExists.c.o   -c /home/chip/Downloads/monero/CMakeFiles/CMakeTmp/CheckSymbolExists.c
Linking C executable cmTC_12880
/usr/bin/cmake -E cmake_link_script CMakeFiles/cmTC_12880.dir/link.txt --verbose=1
/usr/bin/cc       CMakeFiles/cmTC_12880.dir/CheckSymbolExists.c.o  -o cmTC_12880 -rdynamic 
CMakeFiles/cmTC_12880.dir/CheckSymbolExists.c.o: In function `main':
CheckSymbolExists.c:(.text+0x16): undefined reference to `pthread_create'
collect2: error: ld returned 1 exit status
CMakeFiles/cmTC_12880.dir/build.make:97: recipe for target 'cmTC_12880' failed
make[1]: *** [cmTC_12880] Error 1
make[1]: Leaving directory '/home/chip/Downloads/monero/CMakeFiles/CMakeTmp'
Makefile:126: recipe for target 'cmTC_12880/fast' failed
make: *** [cmTC_12880/fast] Error 2

File /home/chip/Downloads/monero/CMakeFiles/CMakeTmp/CheckSymbolExists.c:
/* */
#include <pthread.h>

int main(int argc, char** argv)
{
  (void)argv;
#ifndef pthread_create
  return ((int*)(&pthread_create))[argc];
#else
  (void)argc;
  return 0;
#endif
}

Performing C++ SOURCE FILE Test GNU_READLINE_FOUND failed with the following output:
Change Dir: /home/chip/Downloads/monero/CMakeFiles/CMakeTmp

Run Build Command:"/usr/bin/make" "cmTC_fb4f8/fast"
/usr/bin/make -f CMakeFiles/cmTC_fb4f8.dir/build.make CMakeFiles/cmTC_fb4f8.dir/build
make[1]: Entering directory '/home/chip/Downloads/monero/CMakeFiles/CMakeTmp'
Building CXX object CMakeFiles/cmTC_fb4f8.dir/src.cxx.o
/usr/bin/c++     -fno-strict-aliasing -maes -std=c++11 -D_GNU_SOURCE   -Wall -Wextra -Wpointer-arith -Wundef -Wvla -Wwrite-strings -Wno-error=extra -Wno-error=deprecated-declarations -Wno-unused-parameter -Wno-unused-variable -Wno-error=unused-variable -Wno-error=undef -Wno-error=uninitialized -Wlogical-op -Wno-error=maybe-uninitialized -Wno-reorder -Wno-missing-field-initializers -march=native   -fno-strict-aliasing -DGNU_READLINE_FOUND   -o CMakeFiles/cmTC_fb4f8.dir/src.cxx.o -c /home/chip/Downloads/monero/CMakeFiles/CMakeTmp/src.cxx
/home/chip/Downloads/monero/CMakeFiles/CMakeTmp/src.cxx:3:31: fatal error: readline/readline.h: No such file or directory
compilation terminated.
CMakeFiles/cmTC_fb4f8.dir/build.make:65: recipe for target 'CMakeFiles/cmTC_fb4f8.dir/src.cxx.o' failed
make[1]: *** [CMakeFiles/cmTC_fb4f8.dir/src.cxx.o] Error 1
make[1]: Leaving directory '/home/chip/Downloads/monero/CMakeFiles/CMakeTmp'
Makefile:126: recipe for target 'cmTC_fb4f8/fast' failed
make: *** [cmTC_fb4f8/fast] Error 2

Source file was:

#include <stdio.h>
#include <readline/readline.h>
int
main()
{
  char * s  = rl_copy_text(0, 0);
}

Determining if the pthread_create exist failed with the following output:
Change Dir: /home/chip/Downloads/monero/CMakeFiles/CMakeTmp

Run Build Command:"/usr/bin/make" "cmTC_9078d/fast"
make[1]: Entering directory '/home/chip/Downloads/monero/CMakeFiles/CMakeTmp'
/usr/bin/make -f CMakeFiles/cmTC_9078d.dir/build.make CMakeFiles/cmTC_9078d.dir/build
make[2]: Entering directory '/home/chip/Downloads/monero/CMakeFiles/CMakeTmp'
Building C object CMakeFiles/cmTC_9078d.dir/CheckSymbolExists.c.o
/usr/bin/cc     -o CMakeFiles/cmTC_9078d.dir/CheckSymbolExists.c.o   -c /home/chip/Downloads/monero/CMakeFiles/CMakeTmp/CheckSymbolExists.c
Linking C executable cmTC_9078d
/usr/bin/cmake -E cmake_link_script CMakeFiles/cmTC_9078d.dir/link.txt --verbose=1
/usr/bin/cc       CMakeFiles/cmTC_9078d.dir/CheckSymbolExists.c.o  -o cmTC_9078d -rdynamic 
CMakeFiles/cmTC_9078d.dir/CheckSymbolExists.c.o: In function `main':
CheckSymbolExists.c:(.text+0x16): undefined reference to `pthread_create'
collect2: error: ld returned 1 exit status
CMakeFiles/cmTC_9078d.dir/build.make:97: recipe for target 'cmTC_9078d' failed
make[2]: *** [cmTC_9078d] Error 1
make[2]: Leaving directory '/home/chip/Downloads/monero/CMakeFiles/CMakeTmp'
Makefile:126: recipe for target 'cmTC_9078d/fast' failed
make[1]: *** [cmTC_9078d/fast] Error 2
make[1]: Leaving directory '/home/chip/Downloads/monero/CMakeFiles/CMakeTmp'

File /home/chip/Downloads/monero/CMakeFiles/CMakeTmp/CheckSymbolExists.c:
/* */
#include <pthread.h>

int main(int argc, char** argv)
{
  (void)argv;
#ifndef pthread_create
  return ((int*)(&pthread_create))[argc];
#else
  (void)argc;
  return 0;
#endif
}

Performing C++ SOURCE FILE Test GNU_READLINE_FOUND failed with the following output:
Change Dir: /home/chip/Downloads/monero/CMakeFiles/CMakeTmp

Run Build Command:"/usr/bin/make" "cmTC_95e17/fast"
make[1]: Entering directory '/home/chip/Downloads/monero/CMakeFiles/CMakeTmp'
/usr/bin/make -f CMakeFiles/cmTC_95e17.dir/build.make CMakeFiles/cmTC_95e17.dir/build
make[2]: Entering directory '/home/chip/Downloads/monero/CMakeFiles/CMakeTmp'
Building CXX object CMakeFiles/cmTC_95e17.dir/src.cxx.o
/usr/bin/c++     -fno-strict-aliasing -maes -std=c++11 -D_GNU_SOURCE   -Wall -Wextra -Wpointer-arith -Wundef -Wvla -Wwrite-strings -Wno-error=extra -Wno-error=deprecated-declarations -Wno-unused-parameter -Wno-unused-variable -Wno-error=unused-variable -Wno-error=undef -Wno-error=uninitialized -Wlogical-op -Wno-error=maybe-uninitialized -Wno-reorder -Wno-missing-field-initializers -march=native   -fno-strict-aliasing -DGNU_READLINE_FOUND   -o CMakeFiles/cmTC_95e17.dir/src.cxx.o -c /home/chip/Downloads/monero/CMakeFiles/CMakeTmp/src.cxx
/home/chip/Downloads/monero/CMakeFiles/CMakeTmp/src.cxx:3:31: fatal error: readline/readline.h: No such file or directory
compilation terminated.
CMakeFiles/cmTC_95e17.dir/build.make:65: recipe for target 'CMakeFiles/cmTC_95e17.dir/src.cxx.o' failed
make[2]: *** [CMakeFiles/cmTC_95e17.dir/src.cxx.o] Error 1
make[2]: Leaving directory '/home/chip/Downloads/monero/CMakeFiles/CMakeTmp'
Makefile:126: recipe for target 'cmTC_95e17/fast' failed
make[1]: *** [cmTC_95e17/fast] Error 2
make[1]: Leaving directory '/home/chip/Downloads/monero/CMakeFiles/CMakeTmp'

Source file was:

#include <stdio.h>
#include <readline/readline.h>
int
main()
{
  char * s  = rl_copy_text(0, 0);
}

