Determining if the pthread_create exist failed with the following output:
Change Dir: /home/chip/Downloads/monero/build/release/CMakeFiles/CMakeTmp

Run Build Command:"/usr/bin/make" "cmTC_59a19/fast"
make[1]: Entering directory '/home/chip/Downloads/monero/build/release/CMakeFiles/CMakeTmp'
/usr/bin/make -f CMakeFiles/cmTC_59a19.dir/build.make CMakeFiles/cmTC_59a19.dir/build
make[2]: Entering directory '/home/chip/Downloads/monero/build/release/CMakeFiles/CMakeTmp'
Building C object CMakeFiles/cmTC_59a19.dir/CheckSymbolExists.c.o
/usr/bin/cc     -o CMakeFiles/cmTC_59a19.dir/CheckSymbolExists.c.o   -c /home/chip/Downloads/monero/build/release/CMakeFiles/CMakeTmp/CheckSymbolExists.c
Linking C executable cmTC_59a19
/usr/bin/cmake -E cmake_link_script CMakeFiles/cmTC_59a19.dir/link.txt --verbose=1
/usr/bin/cc       CMakeFiles/cmTC_59a19.dir/CheckSymbolExists.c.o  -o cmTC_59a19 -rdynamic 
CMakeFiles/cmTC_59a19.dir/CheckSymbolExists.c.o: In function `main':
CheckSymbolExists.c:(.text+0x16): undefined reference to `pthread_create'
collect2: error: ld returned 1 exit status
CMakeFiles/cmTC_59a19.dir/build.make:97: recipe for target 'cmTC_59a19' failed
make[2]: *** [cmTC_59a19] Error 1
make[2]: Leaving directory '/home/chip/Downloads/monero/build/release/CMakeFiles/CMakeTmp'
Makefile:126: recipe for target 'cmTC_59a19/fast' failed
make[1]: *** [cmTC_59a19/fast] Error 2
make[1]: Leaving directory '/home/chip/Downloads/monero/build/release/CMakeFiles/CMakeTmp'

File /home/chip/Downloads/monero/build/release/CMakeFiles/CMakeTmp/CheckSymbolExists.c:
/* */
#include <pthread.h>

int main(int argc, char** argv)
{
  (void)argv;
#ifndef pthread_create
  return ((int*)(&pthread_create))[argc];
#else
  (void)argc;
  return 0;
#endif
}

Performing C++ SOURCE FILE Test GNU_READLINE_FOUND failed with the following output:
Change Dir: /home/chip/Downloads/monero/build/release/CMakeFiles/CMakeTmp

Run Build Command:"/usr/bin/make" "cmTC_73223/fast"
make[1]: Entering directory '/home/chip/Downloads/monero/build/release/CMakeFiles/CMakeTmp'
/usr/bin/make -f CMakeFiles/cmTC_73223.dir/build.make CMakeFiles/cmTC_73223.dir/build
make[2]: Entering directory '/home/chip/Downloads/monero/build/release/CMakeFiles/CMakeTmp'
Building CXX object CMakeFiles/cmTC_73223.dir/src.cxx.o
/usr/bin/c++     -fno-strict-aliasing -maes -std=c++11 -D_GNU_SOURCE   -Wall -Wextra -Wpointer-arith -Wundef -Wvla -Wwrite-strings -Wno-error=extra -Wno-error=deprecated-declarations -Wno-unused-parameter -Wno-unused-variable -Wno-error=unused-variable -Wno-error=undef -Wno-error=uninitialized -Wlogical-op -Wno-error=maybe-uninitialized -Wno-reorder -Wno-missing-field-initializers -march=native   -fno-strict-aliasing -DGNU_READLINE_FOUND   -o CMakeFiles/cmTC_73223.dir/src.cxx.o -c /home/chip/Downloads/monero/build/release/CMakeFiles/CMakeTmp/src.cxx
/home/chip/Downloads/monero/build/release/CMakeFiles/CMakeTmp/src.cxx:3:31: fatal error: readline/readline.h: No such file or directory
compilation terminated.
CMakeFiles/cmTC_73223.dir/build.make:65: recipe for target 'CMakeFiles/cmTC_73223.dir/src.cxx.o' failed
make[2]: *** [CMakeFiles/cmTC_73223.dir/src.cxx.o] Error 1
make[2]: Leaving directory '/home/chip/Downloads/monero/build/release/CMakeFiles/CMakeTmp'
Makefile:126: recipe for target 'cmTC_73223/fast' failed
make[1]: *** [cmTC_73223/fast] Error 2
make[1]: Leaving directory '/home/chip/Downloads/monero/build/release/CMakeFiles/CMakeTmp'

Source file was:

#include <stdio.h>
#include <readline/readline.h>
int
main()
{
  char * s  = rl_copy_text(0, 0);
}

